$ next dev -H 0.0.0.0 --turbopack --port "3000"
   ▲ Next.js 15.3.2 (Turbopack)
   - Local:        http://localhost:3000
   - Network:      http://0.0.0.0:3000
   - Environments: .env.local

 ✓ Starting...
 ○ Compiling middleware ...
 ✓ Compiled middleware in 505ms
 ✓ Ready in 1527ms
 ○ Compiling /api/auth/login ...
 ✓ Compiled /api/auth/login in 1550ms
Login attempt: { email: 'admin@newyorkcitybookings.com', passwordLength: 8 }
User found: {
  id: 8,
  email: 'admin@newyorkcitybookings.com',
  hasPasswordHash: true
}
Password verification result: true
 POST /api/auth/login 200 in 2368ms
[?25h
